# JRE version: Java(TM) SE Runtime Environment (21.0.7+8) (build 21.0.7+8-LTS-245)
# Java VM: Java HotSpot(TM) 64-Bit Server VM (21.0.7+8-LTS-245, mixed mode, sharing, tiered, compressed oops, compressed class ptrs, g1 gc, windows-amd64)
GC Precious Log:
 CardTable entry size: 512
 Card Set container configuration: InlinePtr #cards 5 size 8 Array Of Cards #cards 12 size 40 Howl #buckets 4 coarsen threshold 1843 Howl Bitmap #cards 512 size 80 coarsen threshold 460 Card regions per heap region 1 cards per card region 2048
 CPUs: 4 total, 4 available
 Memory: 7926M
 Large Page Support: Disabled
 NUMA Support: Disabled
 Compressed Oops: Enabled (32-bit)
 Heap Region Size: 1M
 Heap Min Capacity: 8M
 Heap Initial Capacity: 124M
 Heap Max Capacity: 1982M
 Pre-touch: Disabled
 Parallel Workers: 4
 Concurrent Workers: 1
 Concurrent Refinement Workers: 4
 Periodic GC: Disabled
Heap:
 garbage-first heap   total 128000K, used 105624K [0x0000000084200000, 0x0000000100000000)
  region size 1024K, 35 young (35840K), 4 survivors (4096K)
 Metaspace       used 94470K, committed 95360K, reserved 1179648K
  class space    used 12629K, committed 13056K, reserved 1048576K
GC Heap History (20 events):
Event: 15.279 GC heap before
{Heap before GC invocations=23 (full 0):
 garbage-first heap   total 83968K, used 68762K [0x0000000084200000, 0x0000000100000000)
  region size 1024K, 24 young (24576K), 3 survivors (3072K)
 Metaspace       used 83695K, committed 84416K, reserved 1179648K
  class space    used 11127K, committed 11456K, reserved 1048576K
}
Event: 15.283 GC heap after
{Heap after GC invocations=24 (full 0):
 garbage-first heap   total 83968K, used 50275K [0x0000000084200000, 0x0000000100000000)
  region size 1024K, 3 young (3072K), 3 survivors (3072K)
 Metaspace       used 83695K, committed 84416K, reserved 1179648K
  class space    used 11127K, committed 11456K, reserved 1048576K
}
Event: 15.573 GC heap before
{Heap before GC invocations=24 (full 0):
 garbage-first heap   total 83968K, used 73827K [0x0000000084200000, 0x0000000100000000)
  region size 1024K, 26 young (26624K), 3 survivors (3072K)
 Metaspace       used 83717K, committed 84416K, reserved 1179648K
  class space    used 11127K, committed 11456K, reserved 1048576K
}
Event: 15.579 GC heap after
{Heap after GC invocations=25 (full 0):
 garbage-first heap   total 83968K, used 54368K [0x0000000084200000, 0x0000000100000000)
  region size 1024K, 4 young (4096K), 4 survivors (4096K)
 Metaspace       used 83717K, committed 84416K, reserved 1179648K
  class space    used 11127K, committed 11456K, reserved 1048576K
}
Event: 15.726 GC heap before
{Heap before GC invocations=25 (full 0):
 garbage-first heap   total 83968K, used 71776K [0x0000000084200000, 0x0000000100000000)
  region size 1024K, 22 young (22528K), 4 survivors (4096K)
 Metaspace       used 83719K, committed 84416K, reserved 1179648K
  class space    used 11127K, committed 11456K, reserved 1048576K
}
Event: 15.728 GC heap after
{Heap after GC invocations=26 (full 0):
 garbage-first heap   total 83968K, used 57664K [0x0000000084200000, 0x0000000100000000)
  region size 1024K, 3 young (3072K), 3 survivors (3072K)
 Metaspace       used 83719K, committed 84416K, reserved 1179648K
  class space    used 11127K, committed 11456K, reserved 1048576K
}
Event: 15.949 GC heap before
{Heap before GC invocations=27 (full 0):
 garbage-first heap   total 106496K, used 75072K [0x0000000084200000, 0x0000000100000000)
  region size 1024K, 18 young (18432K), 3 survivors (3072K)
 Metaspace       used 83728K, committed 84416K, reserved 1179648K
  class space    used 11127K, committed 11456K, reserved 1048576K
}
Event: 15.952 GC heap after
{Heap after GC invocations=28 (full 0):
 garbage-first heap   total 106496K, used 65166K [0x0000000084200000, 0x0000000100000000)
  region size 1024K, 3 young (3072K), 3 survivors (3072K)
 Metaspace       used 83728K, committed 84416K, reserved 1179648K
  class space    used 11127K, committed 11456K, reserved 1048576K
}
Event: 16.434 GC heap before
{Heap before GC invocations=28 (full 0):
 garbage-first heap   total 106496K, used 86670K [0x0000000084200000, 0x0000000100000000)
  region size 1024K, 25 young (25600K), 3 survivors (3072K)
 Metaspace       used 84857K, committed 85568K, reserved 1179648K
  class space    used 11247K, committed 11584K, reserved 1048576K
}
Event: 16.441 GC heap after
{Heap after GC invocations=29 (full 0):
 garbage-first heap   total 128000K, used 69344K [0x0000000084200000, 0x0000000100000000)
  region size 1024K, 4 young (4096K), 4 survivors (4096K)
 Metaspace       used 84857K, committed 85568K, reserved 1179648K
  class space    used 11247K, committed 11584K, reserved 1048576K
}
Event: 16.575 GC heap before
{Heap before GC invocations=29 (full 0):
 garbage-first heap   total 128000K, used 100064K [0x0000000084200000, 0x0000000100000000)
  region size 1024K, 35 young (35840K), 4 survivors (4096K)
 Metaspace       used 84888K, committed 85632K, reserved 1179648K
  class space    used 11247K, committed 11584K, reserved 1048576K
}
Event: 16.577 GC heap after
{Heap after GC invocations=30 (full 0):
 garbage-first heap   total 128000K, used 69598K [0x0000000084200000, 0x0000000100000000)
  region size 1024K, 1 young (1024K), 1 survivors (1024K)
 Metaspace       used 84888K, committed 85632K, reserved 1179648K
  class space    used 11247K, committed 11584K, reserved 1048576K
}
Event: 16.723 GC heap before
{Heap before GC invocations=30 (full 0):
 garbage-first heap   total 128000K, used 104414K [0x0000000084200000, 0x0000000100000000)
  region size 1024K, 35 young (35840K), 1 survivors (1024K)
 Metaspace       used 84901K, committed 85632K, reserved 1179648K
  class space    used 11247K, committed 11584K, reserved 1048576K
}
Event: 16.724 GC heap after
{Heap after GC invocations=31 (full 0):
 garbage-first heap   total 128000K, used 70257K [0x0000000084200000, 0x0000000100000000)
  region size 1024K, 2 young (2048K), 2 survivors (2048K)
 Metaspace       used 84901K, committed 85632K, reserved 1179648K
  class space    used 11247K, committed 11584K, reserved 1048576K
}
Event: 16.831 GC heap before
{Heap before GC invocations=31 (full 0):
 garbage-first heap   total 128000K, used 107121K [0x0000000084200000, 0x0000000100000000)
  region size 1024K, 38 young (38912K), 2 survivors (2048K)
 Metaspace       used 84906K, committed 85632K, reserved 1179648K
  class space    used 11247K, committed 11584K, reserved 1048576K
}
Event: 16.832 GC heap after
{Heap after GC invocations=32 (full 0):
 garbage-first heap   total 128000K, used 70685K [0x0000000084200000, 0x0000000100000000)
  region size 1024K, 2 young (2048K), 2 survivors (2048K)
 Metaspace       used 84906K, committed 85632K, reserved 1179648K
  class space    used 11247K, committed 11584K, reserved 1048576K
}
Event: 17.133 GC heap before
{Heap before GC invocations=33 (full 0):
 garbage-first heap   total 128000K, used 108573K [0x0000000084200000, 0x0000000100000000)
  region size 1024K, 40 young (40960K), 2 survivors (2048K)
 Metaspace       used 85216K, committed 86016K, reserved 1179648K
  class space    used 11301K, committed 11648K, reserved 1048576K
}
Event: 17.136 GC heap after
{Heap after GC invocations=34 (full 0):
 garbage-first heap   total 128000K, used 73646K [0x0000000084200000, 0x0000000100000000)
  region size 1024K, 5 young (5120K), 5 survivors (5120K)
 Metaspace       used 85216K, committed 86016K, reserved 1179648K
  class space    used 11301K, committed 11648K, reserved 1048576K
}
Event: 18.602 GC heap before
{Heap before GC invocations=34 (full 0):
 garbage-first heap   total 128000K, used 111534K [0x0000000084200000, 0x0000000100000000)
  region size 1024K, 42 young (43008K), 5 survivors (5120K)
 Metaspace       used 89921K, committed 90688K, reserved 1179648K
  class space    used 11998K, committed 12352K, reserved 1048576K
}
Event: 18.612 GC heap after
{Heap after GC invocations=35 (full 0):
 garbage-first heap   total 128000K, used 74904K [0x0000000084200000, 0x0000000100000000)
  region size 1024K, 4 young (4096K), 4 survivors (4096K)
 Metaspace       used 89921K, committed 90688K, reserved 1179648K
  class space    used 11998K, committed 12352K, reserved 1048576K
}

